2024-05-15 13:24:14 INFO main - rocketmqHome=/opt/rocketmq-4.4.0
2024-05-15 13:24:14 INFO main - kvConfigPath=/root/namesrv/kvConfig.json
2024-05-15 13:24:14 INFO main - configStorePath=/root/namesrv/namesrv.properties
2024-05-15 13:24:14 INFO main - productEnvName=center
2024-05-15 13:24:14 INFO main - clusterTest=false
2024-05-15 13:24:14 INFO main - orderMessageEnable=false
2024-05-15 13:24:14 INFO main - listenPort=9876
2024-05-15 13:24:14 INFO main - serverWorkerThreads=8
2024-05-15 13:24:14 INFO main - serverCallbackExecutorThreads=0
2024-05-15 13:24:14 INFO main - serverSelectorThreads=3
2024-05-15 13:24:14 INFO main - serverOnewaySemaphoreValue=256
2024-05-15 13:24:14 INFO main - serverAsyncSemaphoreValue=64
2024-05-15 13:24:14 INFO main - serverChannelMaxIdleTimeSeconds=120
2024-05-15 13:24:14 INFO main - serverSocketSndBufSize=65535
2024-05-15 13:24:14 INFO main - serverSocketRcvBufSize=65535
2024-05-15 13:24:14 INFO main - serverPooledByteBufAllocatorEnable=true
2024-05-15 13:24:14 INFO main - useEpollNativeSelector=false
2024-05-15 13:24:14 INFO main - Server is running in TLS permissive mode
2024-05-15 13:24:14 INFO main - Tls config file doesn't exist, skip it
2024-05-15 13:24:14 INFO main - Log the final used tls related configuration
2024-05-15 13:24:14 INFO main - tls.test.mode.enable = true
2024-05-15 13:24:14 INFO main - tls.server.need.client.auth = none
2024-05-15 13:24:14 INFO main - tls.server.keyPath = null
2024-05-15 13:24:14 INFO main - tls.server.keyPassword = null
2024-05-15 13:24:14 INFO main - tls.server.certPath = null
2024-05-15 13:24:14 INFO main - tls.server.authClient = false
2024-05-15 13:24:14 INFO main - tls.server.trustCertPath = null
2024-05-15 13:24:14 INFO main - tls.client.keyPath = null
2024-05-15 13:24:14 INFO main - tls.client.keyPassword = null
2024-05-15 13:24:14 INFO main - tls.client.certPath = null
2024-05-15 13:24:14 INFO main - tls.client.authServer = false
2024-05-15 13:24:14 INFO main - tls.client.trustCertPath = null
2024-05-15 13:24:15 INFO main - Using OpenSSL provider
2024-05-15 13:24:16 INFO main - SSLContext created for server
2024-05-15 13:24:16 INFO NettyEventExecutor - NettyEventExecutor service started
2024-05-15 13:24:16 INFO FileWatchService - FileWatchService service started
2024-05-15 13:24:16 INFO main - The Name Server boot success. serializeType=JSON
2024-05-15 13:24:18 INFO NettyServerCodecThread_1 - NETTY SERVER PIPELINE: channelRegistered 172.20.0.4:37466
2024-05-15 13:24:18 INFO NettyServerCodecThread_1 - NETTY SERVER PIPELINE: channelActive, the channel[172.20.0.4:37466]
2024-05-15 13:24:19 INFO RemotingExecutorThread_1 - new topic registered, RMQ_SYS_TRANS_HALF_TOPIC QueueData [brokerName=broker-a, readQueueNums=1, writeQueueNums=1, perm=6, topicSynFlag=0]
2024-05-15 13:24:19 INFO RemotingExecutorThread_1 - new topic registered, BenchmarkTest QueueData [brokerName=broker-a, readQueueNums=1024, writeQueueNums=1024, perm=6, topicSynFlag=0]
2024-05-15 13:24:19 INFO RemotingExecutorThread_1 - new topic registered, OFFSET_MOVED_EVENT QueueData [brokerName=broker-a, readQueueNums=1, writeQueueNums=1, perm=6, topicSynFlag=0]
2024-05-15 13:24:19 INFO RemotingExecutorThread_1 - new topic registered, broker-a QueueData [brokerName=broker-a, readQueueNums=1, writeQueueNums=1, perm=7, topicSynFlag=0]
2024-05-15 13:24:19 INFO RemotingExecutorThread_1 - new topic registered, TBW102 QueueData [brokerName=broker-a, readQueueNums=8, writeQueueNums=8, perm=7, topicSynFlag=0]
2024-05-15 13:24:19 INFO RemotingExecutorThread_1 - new topic registered, SELF_TEST_TOPIC QueueData [brokerName=broker-a, readQueueNums=1, writeQueueNums=1, perm=6, topicSynFlag=0]
2024-05-15 13:24:19 INFO RemotingExecutorThread_1 - new topic registered, DefaultCluster QueueData [brokerName=broker-a, readQueueNums=16, writeQueueNums=16, perm=7, topicSynFlag=0]
2024-05-15 13:24:19 INFO RemotingExecutorThread_1 - new broker registered, 172.20.0.4:10911 HAServer: 172.20.0.4:10912
2024-05-15 13:25:16 INFO NSScheduledThread1 - --------------------------------------------------------
2024-05-15 13:25:16 INFO NSScheduledThread1 - configTable SIZE: 0
